<?xml version="1.0" encoding="UTF-8"?>
<!-- Generated by org.testng.reporters.JUnitXMLReporter -->
<testsuite ignored="0" hostname="rupesh-laptop" failures="0" tests="4" name="Default test" time="8.252" errors="0" timestamp="2024-09-24T12:35:31 IST">
  <testcase classname="api.test.userTests" name="CreateUserTest" time="3.798"/>
  <testcase classname="api.test.userTests" name="ReadUserTest" time="1.06"/>
  <testcase classname="api.test.userTests" name="UpdateUserTest" time="2.073"/>
  <testcase classname="api.test.userTests" name="DeleteUserTest" time="1.022"/>
</testsuite> <!-- Default test -->
