<?xml version="1.0" encoding="UTF-8"?>
<testng-results ignored="0" total="4" passed="4" failed="0" skipped="0">
  <reporter-output>
  </reporter-output>
  <suite started-at="2024-09-24T12:35:23 IST" name="Default suite" finished-at="2024-09-24T12:35:31 IST" duration-ms="8252">
    <groups>
    </groups>
    <test started-at="2024-09-24T12:35:23 IST" name="Default test" finished-at="2024-09-24T12:35:31 IST" duration-ms="8252">
      <class name="api.test.userTests">
        <test-method is-config="true" signature="SetupData()[pri:0, instance:api.test.userTests@368f2016]" started-at="2024-09-24T12:35:23 IST" name="SetupData" finished-at="2024-09-24T12:35:23 IST" duration-ms="239" status="PASS">
          <reporter-output>
          </reporter-output>
        </test-method> <!-- SetupData -->
        <test-method signature="CreateUserTest()[pri:1, instance:api.test.userTests@368f2016]" started-at="2024-09-24T12:35:23 IST" name="CreateUserTest" finished-at="2024-09-24T12:35:27 IST" duration-ms="3798" status="PASS">
          <reporter-output>
          </reporter-output>
        </test-method> <!-- CreateUserTest -->
        <test-method signature="ReadUserTest()[pri:2, instance:api.test.userTests@368f2016]" started-at="2024-09-24T12:35:27 IST" name="ReadUserTest" finished-at="2024-09-24T12:35:28 IST" duration-ms="1060" status="PASS">
          <reporter-output>
          </reporter-output>
        </test-method> <!-- ReadUserTest -->
        <test-method signature="UpdateUserTest()[pri:3, instance:api.test.userTests@368f2016]" started-at="2024-09-24T12:35:28 IST" name="UpdateUserTest" finished-at="2024-09-24T12:35:30 IST" duration-ms="2073" status="PASS">
          <reporter-output>
          </reporter-output>
        </test-method> <!-- UpdateUserTest -->
        <test-method signature="DeleteUserTest()[pri:4, instance:api.test.userTests@368f2016]" started-at="2024-09-24T12:35:30 IST" name="DeleteUserTest" finished-at="2024-09-24T12:35:31 IST" duration-ms="1022" status="PASS">
          <reporter-output>
          </reporter-output>
        </test-method> <!-- DeleteUserTest -->
      </class> <!-- api.test.userTests -->
    </test> <!-- Default test -->
  </suite> <!-- Default suite -->
</testng-results>
